[debug] [2023-09-22T18:29:38.069Z] ----------------------------------------------------------------------
[debug] [2023-09-22T18:29:38.070Z] Command:       B:\Program Files\nodejs\node.exe C:\Users\jacob\AppData\Roaming\npm\node_modules\firebase-tools\lib\bin\firebase.js deploy
[debug] [2023-09-22T18:29:38.070Z] CLI Version:   12.5.4
[debug] [2023-09-22T18:29:38.070Z] Platform:      win32
[debug] [2023-09-22T18:29:38.070Z] Node Version:  v16.14.0
[debug] [2023-09-22T18:29:38.071Z] Time:          Fri Sep 22 2023 14:29:38 GMT-0400 (Eastern Daylight Time)
[debug] [2023-09-22T18:29:38.071Z] ----------------------------------------------------------------------
[debug] 
[debug] [2023-09-22T18:29:38.109Z] > command requires scopes: ["email","openid","https://www.googleapis.com/auth/cloudplatformprojects.readonly","https://www.googleapis.com/auth/firebase","https://www.googleapis.com/auth/cloud-platform"]
[debug] [2023-09-22T18:29:38.110Z] > authorizing via signed-in user (inexperienced.developer.games@gmail.com)
[debug] [2023-09-22T18:29:38.110Z] [iam] checking project passonix-487ff for permissions ["firebase.projects.get","firebasehosting.sites.update"]
[debug] [2023-09-22T18:29:38.111Z] >>> [apiv2][query] POST https://cloudresourcemanager.googleapis.com/v1/projects/passonix-487ff:testIamPermissions [none]
[debug] [2023-09-22T18:29:38.111Z] >>> [apiv2][(partial)header] POST https://cloudresourcemanager.googleapis.com/v1/projects/passonix-487ff:testIamPermissions x-goog-quota-user=projects/passonix-487ff
[debug] [2023-09-22T18:29:38.111Z] >>> [apiv2][body] POST https://cloudresourcemanager.googleapis.com/v1/projects/passonix-487ff:testIamPermissions {"permissions":["firebase.projects.get","firebasehosting.sites.update"]}
[debug] [2023-09-22T18:29:38.302Z] <<< [apiv2][status] POST https://cloudresourcemanager.googleapis.com/v1/projects/passonix-487ff:testIamPermissions 200
[debug] [2023-09-22T18:29:38.302Z] <<< [apiv2][body] POST https://cloudresourcemanager.googleapis.com/v1/projects/passonix-487ff:testIamPermissions {"permissions":["firebase.projects.get","firebasehosting.sites.update"]}
[debug] [2023-09-22T18:29:38.302Z] >>> [apiv2][query] GET https://firebase.googleapis.com/v1beta1/projects/passonix-487ff [none]
[debug] [2023-09-22T18:29:38.593Z] <<< [apiv2][status] GET https://firebase.googleapis.com/v1beta1/projects/passonix-487ff 200
[debug] [2023-09-22T18:29:38.593Z] <<< [apiv2][body] GET https://firebase.googleapis.com/v1beta1/projects/passonix-487ff {"projectId":"passonix-487ff","projectNumber":"468326207630","displayName":"passonix","name":"projects/passonix-487ff","resources":{"hostingSite":"passonix-487ff"},"state":"ACTIVE","etag":"1_26efb0b2-7554-4dcf-a174-33bccf303009"}
[info] 
   Thank you for trying our early preview of Next.js support on Firebase Hosting.
   During the preview, support is best-effort and breaking changes can be expected. Proceed with caution.

   Documentation: https://firebase.google.com/docs/hosting/frameworks/nextjs
   File a bug: https://github.com/firebase/firebase-tools/issues/new?template=bug_report.md
   Submit a feature request: https://github.com/firebase/firebase-tools/issues/new?template=feature_request.md

   We'd love to learn from you. Express your interest in helping us shape the future of Firebase Hosting: https://goo.gle/41enW5X

[info]    Creating an optimized production build...

[info]  ✓ Compiled successfully

[info]    Linting and checking validity of types...

[info]    Collecting page data...

[info]    Generating static pages (0/5)...

[info] (node:40956) ExperimentalWarning: buffer.Blob is an experimental feature. This feature could change at any time
(Use `node --trace-warnings ...` to show where the warning was created)

[info]    Generating static pages (1/5)


[info]    Generating static pages (2/5)


[info]    Generating static pages (3/5)


[info]  ✓ Generating static pages (5/5)

[info]    Finalizing page optimization...

[info] 

[info] Route (app)                              Size     First Load JS
┌ ○ /                                    4.37 kB        83.6 kB
└ ○ /_not-found                          878 B          80.1 kB
+ First Load JS shared by all            79.2 kB
  ├ chunks/864-40f8d09c41165f4b.js       26.5 kB
  ├ chunks/fd9d1056-36be8afbc81fc677.js  50.8 kB
  ├ chunks/main-app-f51d205548bd3461.js  220 B
  └ chunks/webpack-b473091949222d0d.js   1.67 kB



[info] ○  (Static)  automatically rendered as static HTML (uses no initial props)


[debug] [2023-09-22T18:30:04.259Z] TypeError: Cannot destructure property 'customConfig' of '(intermediate value)(intermediate value)(intermediate value)' as it is null.
    at loadConfig (E:\03-Projects\04-FullStack\portofolio\front\node_modules\next\dist\server\config.js:569:41)
    at getConfig (C:\Users\jacob\AppData\Roaming\npm\node_modules\firebase-tools\lib\frameworks\next\index.js:390:28)
    at build (C:\Users\jacob\AppData\Roaming\npm\node_modules\firebase-tools\lib\frameworks\next\index.js:68:65)
    at processTicksAndRejections (node:internal/process/task_queues:96:5)
    at async prepareFrameworks (C:\Users\jacob\AppData\Roaming\npm\node_modules\firebase-tools\lib\frameworks\index.js:216:33)
    at async deploy (C:\Users\jacob\AppData\Roaming\npm\node_modules\firebase-tools\lib\deploy\index.js:55:13)
[error] 
[error] Error: An unexpected error has occurred.
